<?xml version="1.0" encoding="UTF-8"?>
<!-- Generated by org.testng.reporters.JUnitXMLReporter -->
<testsuite hostname="DESKTOP-ROECGEC" name="Default test" tests="6" failures="0" timestamp="4 Sep 2022 06:17:40 GMT" time="204.692" errors="0">
  <testcase name="testcase1" time="20.437" classname="Suite3_Search.Page_5_TerminalXFilterTest"/>
  <testcase name="testcase2" time="28.859" classname="Suite3_Search.Page_5_TerminalXFilterTest"/>
  <testcase name="testcase3" time="30.47" classname="Suite3_Search.Page_5_TerminalXFilterTest"/>
  <testcase name="testcase4" time="31.943" classname="Suite3_Search.Page_5_TerminalXFilterTest"/>
  <testcase name="testcase5" time="32.269" classname="Suite3_Search.Page_5_TerminalXFilterTest"/>
  <testcase name="testcase6" time="31.82" classname="Suite3_Search.Page_5_TerminalXFilterTest"/>
</testsuite> <!-- Default test -->
