<?xml version="1.0" encoding="UTF-8"?>
<!-- Generated by org.testng.reporters.JUnitXMLReporter -->
<testsuite hostname="DESKTOP-ROECGEC" name="RegistrationAndAuthentication" tests="2" failures="0" timestamp="28 Aug 2022 09:05:44 GMT" time="64.779" errors="0">
  <testcase name="testcase6" time="8.692" classname="RegistrationAndAuthentication.PageTerminalXLoginTest"/>
  <testcase name="testcase1" time="3.543" classname="RegistrationAndAuthentication.PageTerminalXLogoutTest"/>
</testsuite> <!-- RegistrationAndAuthentication -->
